-------------------------------------------------------------------------------
Test set: LcwaikikiSepetTest
-------------------------------------------------------------------------------
Tests run: 1, Failures: 0, Errors: 1, Skipped: 0, Time elapsed: 0.863 s <<< FAILURE! - in LcwaikikiSepetTest
LcwaikikiSepetTest  Time elapsed: 0.86 s  <<< ERROR!
java.lang.NullPointerException: Cannot invoke "org.openqa.selenium.WebDriver.get(String)" because "this.driver" is null

